########### array before sorts ###########
0	0.000000	-1.270000	22.530000	-1.270000	n
1	22.530000	-1.270000	22.530000	35.550000	n
2	22.530000	35.550000	0.000000	35.550000	n
3	0.000000	35.550000	0.000000	-1.270000	n
Tolerance=0.050000.
*Exact match for i=0 and j=1.
*i point 0.000000	-1.270000	22.530000	-1.270000	y
*Exact match for i=1 and j=2.
*i point 22.530000	-1.270000	22.530000	35.550000	y
*Exact match for i=2 and j=3.
*i point 22.530000	35.550000	0.000000	35.550000	y
########### array after sorts ###########
0	0.000000	-1.270000	22.530000	-1.270000	y
1	22.530000	-1.270000	22.530000	35.550000	y
2	22.530000	35.550000	0.000000	35.550000	y
3	0.000000	35.550000	0.000000	-1.270000	y
***************
.BOARD_OUTLINE UNOWNED
1.6
0     0.000000     -1.270000     0
0     22.530000     -1.270000     0
0     22.530000     35.550000     0
0     0.000000     35.550000     0
0     0.000000     -1.270000     0
